android/app/build/outputs/logs/manifest-merger-debug-report.txt
-- Merging decision tree log ---
manifest
ADDED from src/main/AndroidManifest.xml:1:1-37:12
	package
		ADDED from src/main/AndroidManifest.xml:2:5-34
		INJECTED from src/main/AndroidManifest.xml
		INJECTED from src/main/AndroidManifest.xml
	android:versionName
		ADDED from src/main/AndroidManifest.xml:4:5-30
		INJECTED from src/main/AndroidManifest.xml
		INJECTED from src/main/AndroidManifest.xml
	android:versionCode
		ADDED from src/main/AndroidManifest.xml:3:5-28
		INJECTED from src/main/AndroidManifest.xml
		INJECTED from src/main/AndroidManifest.xml
	xmlns:android
		ADDED from src/main/AndroidManifest.xml:1:11-69
uses-permission#android.permission.INTERNET
ADDED from src/main/AndroidManifest.xml:6:5-67
	android:name
		ADDED from src/main/AndroidManifest.xml:6:22-64
uses-permission#android.permission.SYSTEM_ALERT_WINDOW
ADDED from src/main/AndroidManifest.xml:7:5-77
MERGED from [com.facebook.react:react-native:0.52.0] AndroidManifest.xml:11:5-78
	android:name
		ADDED from src/main/AndroidManifest.xml:7:22-75
uses-permission#android.permission.READ_CONTACTS
ADDED from src/main/AndroidManifest.xml:8:5-72
	android:name
		ADDED from src/main/AndroidManifest.xml:8:22-69
uses-permission#android.permission.WAKE_LOCK
ADDED from src/main/AndroidManifest.xml:9:5-68
MERGED from [SMSSchedulerApp:react-native-background-job:unspecified] AndroidManifest.xml:11:5-68
	android:name
		ADDED from src/main/AndroidManifest.xml:9:22-65
uses-permission#android.permission.SEND_SMS
ADDED from src/main/AndroidManifest.xml:10:6-67
MERGED from [SMSSchedulerApp:react-native-get-sms-android:unspecified] AndroidManifest.xml:13:5-67
MERGED from [SMSSchedulerApp:react-native-schedule-sms:unspecified] AndroidManifest.xml:11:5-67
	android:name
		ADDED from src/main/AndroidManifest.xml:10:23-65
uses-permission#android.permission.WRITE_SMS
ADDED from src/main/AndroidManifest.xml:11:6-69
MERGED from [SMSSchedulerApp:react-native-get-sms-android:unspecified] AndroidManifest.xml:12:5-68
	android:name
		ADDED from src/main/AndroidManifest.xml:11:23-66
uses-permission#android.permission.READ_SMS
ADDED from src/main/AndroidManifest.xml:12:6-68
MERGED from [SMSSchedulerApp:react-native-get-sms-android:unspecified] AndroidManifest.xml:11:5-67
	android:name
		ADDED from src/main/AndroidManifest.xml:12:23-65
uses-sdk
ADDED from src/main/AndroidManifest.xml:14:5-16:41
MERGED from [SMSSchedulerApp:react-native-send-intent:unspecified] AndroidManifest.xml:7:5-9:41
MERGED from [SMSSchedulerApp:react-native-background-job:unspecified] AndroidManifest.xml:7:5-9:41
MERGED from [com.firebase:firebase-jobdispatcher:0.7.0] AndroidManifest.xml:22:5-24:41
MERGED from [SMSSchedulerApp:react-native-sms:unspecified] AndroidManifest.xml:7:5-9:41
MERGED from [SMSSchedulerApp:react-native-get-sms-android:unspecified] AndroidManifest.xml:7:5-9:41
MERGED from [SMSSchedulerApp:react-native-schedule-sms:unspecified] AndroidManifest.xml:7:5-9:41
MERGED from [SMSSchedulerApp:react-native-contacts-wrapper:unspecified] AndroidManifest.xml:6:5-8:41
MERGED from [com.facebook.react:react-native:0.52.0] AndroidManifest.xml:7:5-9:41
MERGED from [com.android.support:appcompat-v7:23.0.1] AndroidManifest.xml:20:5-43
MERGED from [com.android.support:support-v4:25.0.0] AndroidManifest.xml:21:5-23:54
MERGED from [com.android.support:support-fragment:25.0.0] AndroidManifest.xml:21:5-23:60
MERGED from [com.android.support:support-media-compat:25.0.0] AndroidManifest.xml:21:5-23:63
MERGED from [com.android.support:support-core-ui:25.0.0] AndroidManifest.xml:21:5-23:58
MERGED from [com.android.support:support-core-utils:25.0.0] AndroidManifest.xml:21:5-23:61
MERGED from [com.android.support:support-compat:25.0.0] AndroidManifest.xml:21:5-23:58
MERGED from [com.facebook.fbui.textlayoutbuilder:textlayoutbuilder:1.0.0] AndroidManifest.xml:14:5-16:41
MERGED from [com.facebook.fresco:fresco:1.3.0] AndroidManifest.xml:5:5-7:41
MERGED from [com.facebook.fresco:drawee:1.3.0] AndroidManifest.xml:5:5-7:41
MERGED from [com.facebook.fresco:imagepipeline-okhttp3:1.3.0] AndroidManifest.xml:5:5-7:41
MERGED from [com.facebook.fresco:imagepipeline:1.3.0] AndroidManifest.xml:5:5-7:41
MERGED from [com.facebook.fresco:imagepipeline-base:1.3.0] AndroidManifest.xml:5:5-7:41
MERGED from [com.facebook.fresco:fbcore:1.3.0] AndroidManifest.xml:5:5-7:41
MERGED from [com.facebook.soloader:soloader:0.1.0] AndroidManifest.xml:2:3-70
	tools:overrideLibrary
		ADDED from [com.android.support:support-v4:25.0.0] AndroidManifest.xml:23:9-51
	android:targetSdkVersion
		ADDED from src/main/AndroidManifest.xml:16:9-38
		INJECTED from src/main/AndroidManifest.xml
		INJECTED from src/main/AndroidManifest.xml
	android:minSdkVersion
		ADDED from src/main/AndroidManifest.xml:15:9-35
		INJECTED from src/main/AndroidManifest.xml
		INJECTED from src/main/AndroidManifest.xml
application
ADDED from src/main/AndroidManifest.xml:18:5-35:19
MERGED from [SMSSchedulerApp:react-native-background-job:unspecified] AndroidManifest.xml:14:5-25:19
MERGED from [com.firebase:firebase-jobdispatcher:0.7.0] AndroidManifest.xml:26:5-40:19
MERGED from [SMSSchedulerApp:react-native-schedule-sms:unspecified] AndroidManifest.xml:13:5-15:19
MERGED from [com.facebook.react:react-native:0.52.0] AndroidManifest.xml:13:5-20
MERGED from [com.android.support:appcompat-v7:23.0.1] AndroidManifest.xml:22:5-20
MERGED from [com.android.support:support-v4:25.0.0] AndroidManifest.xml:25:5-20
MERGED from [com.android.support:support-fragment:25.0.0] AndroidManifest.xml:25:5-20
MERGED from [com.android.support:support-media-compat:25.0.0] AndroidManifest.xml:25:5-20
MERGED from [com.android.support:support-core-ui:25.0.0] AndroidManifest.xml:25:5-20
MERGED from [com.android.support:support-core-utils:25.0.0] AndroidManifest.xml:25:5-20
MERGED from [com.android.support:support-compat:25.0.0] AndroidManifest.xml:25:5-20
MERGED from [com.facebook.soloader:soloader:0.1.0] AndroidManifest.xml:3:3-17
MERGED from [org.webkit:android-jsc:r174650] AndroidManifest.xml:2:3-17
	android:label
		ADDED from src/main/AndroidManifest.xml:21:7-39
	android:allowBackup
		ADDED from src/main/AndroidManifest.xml:20:7-33
	android:icon
		ADDED from src/main/AndroidManifest.xml:22:7-41
	android:theme
		ADDED from src/main/AndroidManifest.xml:23:7-38
	android:name
		ADDED from src/main/AndroidManifest.xml:19:7-38
activity#com.smsschedulerapp.MainActivity
ADDED from src/main/AndroidManifest.xml:24:7-33:18
	android:label
		ADDED from src/main/AndroidManifest.xml:26:9-41
	android:windowSoftInputMode
		ADDED from src/main/AndroidManifest.xml:28:9-51
	android:configChanges
		ADDED from src/main/AndroidManifest.xml:27:9-79
	android:name
		ADDED from src/main/AndroidManifest.xml:25:9-37
intent-filter#android.intent.action.MAIN+android.intent.category.LAUNCHER
ADDED from src/main/AndroidManifest.xml:29:9-32:25
action#android.intent.action.MAIN
ADDED from src/main/AndroidManifest.xml:30:13-65
	android:name
		ADDED from src/main/AndroidManifest.xml:30:21-62
category#android.intent.category.LAUNCHER
ADDED from src/main/AndroidManifest.xml:31:13-73
	android:name
		ADDED from src/main/AndroidManifest.xml:31:23-70
activity#com.facebook.react.devsupport.DevSettingsActivity
ADDED from src/main/AndroidManifest.xml:34:7-84
	android:name
		ADDED from src/main/AndroidManifest.xml:34:17-81
uses-permission#android.permission.RECEIVE_BOOT_COMPLETED
ADDED from [SMSSchedulerApp:react-native-background-job:unspecified] AndroidManifest.xml:12:5-81
	android:name
		ADDED from [SMSSchedulerApp:react-native-background-job:unspecified] AndroidManifest.xml:12:22-78
service#com.pilloxa.backgroundjob.BackgroundJob
ADDED from [SMSSchedulerApp:react-native-background-job:unspecified] AndroidManifest.xml:15:9-18:72
	android:exported
		ADDED from [SMSSchedulerApp:react-native-background-job:unspecified] AndroidManifest.xml:17:13-36
	android:permission
		ADDED from [SMSSchedulerApp:react-native-background-job:unspecified] AndroidManifest.xml:18:13-69
	android:name
		ADDED from [SMSSchedulerApp:react-native-background-job:unspecified] AndroidManifest.xml:16:13-67
service#com.pilloxa.backgroundjob.ExactJob
ADDED from [SMSSchedulerApp:react-native-background-job:unspecified] AndroidManifest.xml:19:9-21:38
	android:enabled
		ADDED from [SMSSchedulerApp:react-native-background-job:unspecified] AndroidManifest.xml:21:13-35
	android:name
		ADDED from [SMSSchedulerApp:react-native-background-job:unspecified] AndroidManifest.xml:20:13-62
service#com.pilloxa.backgroundjob.ReactNativeEventStarter$MyHeadlessJsTaskService
ADDED from [SMSSchedulerApp:react-native-background-job:unspecified] AndroidManifest.xml:22:9-24:38
	android:enabled
		ADDED from [SMSSchedulerApp:react-native-background-job:unspecified] AndroidManifest.xml:24:13-35
	android:name
		ADDED from [SMSSchedulerApp:react-native-background-job:unspecified] AndroidManifest.xml:23:13-101
service#com.firebase.jobdispatcher.GooglePlayReceiver
ADDED from [com.firebase:firebase-jobdispatcher:0.7.0] AndroidManifest.xml:32:9-39:19
	android:exported
		ADDED from [com.firebase:firebase-jobdispatcher:0.7.0] AndroidManifest.xml:34:13-36
	android:permission
		ADDED from [com.firebase:firebase-jobdispatcher:0.7.0] AndroidManifest.xml:35:13-93
	android:name
		ADDED from [com.firebase:firebase-jobdispatcher:0.7.0] AndroidManifest.xml:33:13-73
intent-filter#com.google.android.gms.gcm.ACTION_TASK_READY
ADDED from [com.firebase:firebase-jobdispatcher:0.7.0] AndroidManifest.xml:36:13-38:29
action#com.google.android.gms.gcm.ACTION_TASK_READY
ADDED from [com.firebase:firebase-jobdispatcher:0.7.0] AndroidManifest.xml:37:17-87
	android:name
		ADDED from [com.firebase:firebase-jobdispatcher:0.7.0] AndroidManifest.xml:37:25-84
receiver#com.nagarro.schedulesms.SMSDispatcherBroadcastReceiver
ADDED from [SMSSchedulerApp:react-native-schedule-sms:unspecified] AndroidManifest.xml:14:9-91
	android:name
		ADDED from [SMSSchedulerApp:react-native-schedule-sms:unspecified] AndroidManifest.xml:14:19-88
android:uses-permission#android.permission.WRITE_EXTERNAL_STORAGE
IMPLIED from src/main/AndroidManifest.xml:1:1-37:12 reason: org.webkit.android_jsc has a targetSdkVersion < 4
android:uses-permission#android.permission.READ_PHONE_STATE
IMPLIED from src/main/AndroidManifest.xml:1:1-37:12 reason: org.webkit.android_jsc has a targetSdkVersion < 4
android:uses-permission#android.permission.READ_EXTERNAL_STORAGE
IMPLIED from src/main/AndroidManifest.xml:1:1-37:12 reason: org.webkit.android_jsc requested WRITE_EXTERNAL_STORAGE